<?xml version="1.0" encoding="UTF-8"?>
<!-- Generated by org.testng.reporters.JUnitXMLReporter -->
<testsuite hostname="innishanv.corporate.thoughtworks.com" name="Default test" tests="2" failures="0" timestamp="29 Mar 2013 08:30:29 GMT" time="22.447" errors="0">
  <testcase name="testDragnDropfunctionality" time="7.879" classname="scenarios.Chapter_13_TipsnTricks"/>
  <testcase name="testFirefoxProfile" time="14.551" classname="scenarios.Chapter_13_TipsnTricks"/>
</testsuite> <!-- Default test -->
